<?xml version="1.0" encoding="UTF-8"?>
<!-- Generated by org.testng.reporters.JUnitReportReporter -->
<testsuite hostname="RoopiAni" failures="0" tests="2" name="com.jenkins_tutorial.basics.FbTest" time="0.094" errors="0" timestamp="2024-03-19T16:16:49 AEDT" skipped="0">
  <testcase classname="com.jenkins_tutorial.basics.FbTest" name="verifyTitle" time="0.041"/>
  <system-out/>
  <testcase classname="com.jenkins_tutorial.basics.FbTest" name="verifyUrl" time="0.053"/>
  <system-out/>
</testsuite> <!-- com.jenkins_tutorial.basics.FbTest -->
